[13:46:42] [ServerMain/INFO]: Environment: Environment[sessionHost=https://sessionserver.mojang.com, servicesHost=https://api.minecraftservices.com, profilesHost=https://api.mojang.com, name=PROD]
[13:46:46] [ServerMain/INFO]: Loaded 1470 recipes
[13:46:46] [ServerMain/INFO]: Loaded 1584 advancements
[13:46:46] [Server thread/INFO]: Starting minecraft server version 1.21.11
[13:46:46] [Server thread/INFO]: Loading properties
[13:46:46] [Server thread/INFO]: Default game type: SURVIVAL
[13:46:46] [Server thread/INFO]: Generating keypair
[13:46:47] [Server thread/INFO]: Starting Minecraft server on *:25565
[13:46:47] [Server thread/WARN]: **** SERVER IS RUNNING IN OFFLINE/INSECURE MODE!
[13:46:47] [Server thread/WARN]: The server will make no attempt to authenticate usernames. Beware.
[13:46:47] [Server thread/WARN]: While this makes the game possible to play without internet access, it also opens up the ability for hackers to connect with any username they choose.
[13:46:47] [Server thread/WARN]: To change this, set "online-mode" to "true" in the server.properties file.
[13:46:47] [Server thread/INFO]: Preparing level "world"
[13:46:47] [Server thread/INFO]: Loading 0 persistent chunks...
[13:46:47] [Server thread/INFO]: Preparing spawn area: 100%
[13:46:47] [Server thread/INFO]: Time elapsed: 17 ms
[13:46:47] [Server thread/INFO]: Done (0.489s)! For help, type "help"
[13:47:47] [Server thread/INFO]: Server empty for 60 seconds, pausing
[13:50:44] [Server thread/INFO]: DrFunTimes[/127.185.50.141:56359] logged in with entity id 51 at (29.5, 76.0, -23.5)
[13:50:44] [Server thread/INFO]: DrFunTimes joined the game
[13:51:02] [Server thread/INFO]: DrFunTimes lost connection: Disconnected
[13:51:02] [Server thread/INFO]: DrFunTimes left the game
[13:52:02] [Server thread/INFO]: Server empty for 60 seconds, pausing
